<?xml version="1.0" encoding="UTF-8"?>
<!-- Generated by org.testng.reporters.JUnitReportReporter -->
<testsuite skipped="0" hostname="DESKTOP-339DB4T" name="org.reqres.JsonRead" tests="4" failures="0" timestamp="14 Jan 2023 10:55:25 GMT" time="6.132" errors="0">
  <testcase name="firstName" time="0.256" classname="org.reqres.JsonRead"/>
  <testcase name="email" time="0.341" classname="org.reqres.JsonRead"/>
  <testcase name="dataIds" time="5.322" classname="org.reqres.JsonRead"/>
  <testcase name="responseCode" time="0.213" classname="org.reqres.JsonRead"/>
</testsuite> <!-- org.reqres.JsonRead -->
