<?xml version="1.0" encoding="UTF-8"?>
<!-- Generated by org.testng.reporters.JUnitReportReporter -->
<testsuite skipped="0" hostname="DESKTOP-339DB4T" name="org.reqres.ResSpecTask" tests="4" failures="0" timestamp="14 Jan 2023 10:42:55 GMT" time="9.668" errors="0">
  <testcase name="listUser" time="1.543" classname="org.reqres.ResSpecTask"/>
  <testcase name="registerUnSuccessful" time="0.594" classname="org.reqres.ResSpecTask"/>
  <testcase name="delete" time="6.969" classname="org.reqres.ResSpecTask"/>
  <testcase name="update" time="0.562" classname="org.reqres.ResSpecTask"/>
</testsuite> <!-- org.reqres.ResSpecTask -->
