<?xml version="1.0" encoding="UTF-8"?>
<!-- Generated by org.testng.reporters.JUnitReportReporter -->
<testsuite skipped="0" hostname="DESKTOP-339DB4T" name="org.reqres.Auth" tests="7" failures="0" timestamp="08 Jan 2023 04:58:00 GMT" time="40.072" errors="0">
  <testcase name="login" time="4.594" classname="org.reqres.Auth"/>
  <testcase name="getStatesList" time="2.180" classname="org.reqres.Auth"/>
  <testcase name="getCityList" time="27.515" classname="org.reqres.Auth"/>
  <testcase name="addUserAddress" time="1.114" classname="org.reqres.Auth"/>
  <testcase name="UpdateUserAddress" time="1.445" classname="org.reqres.Auth"/>
  <testcase name="getUserAddress" time="1.052" classname="org.reqres.Auth"/>
  <testcase name="deleteUserAdderess" time="2.172" classname="org.reqres.Auth"/>
</testsuite> <!-- org.reqres.Auth -->
