<?xml version="1.0" encoding="UTF-8"?>
<!-- Generated by org.testng.reporters.JUnitReportReporter -->
<testsuite skipped="0" hostname="DESKTOP-339DB4T" name="org.reqres.Login" tests="1" failures="0" timestamp="27 Dec 2022 05:28:07 GMT" time="3.594" errors="0">
  <testcase name="LoginDetails" time="3.594" classname="org.reqres.Login"/>
</testsuite> <!-- org.reqres.Login -->
